{"E:\\tuto_webdev\\JS-A-to-Z\\cours js_6\\test-js\\add.js": {"path":"E:\\tuto_webdev\\JS-A-to-Z\\cours js_6\\test-js\\add.js","statementMap":{"0":{"start":{"line":6,"column":4},"end":{"line":6,"column":15}},"1":{"start":{"line":9,"column":0},"end":{"line":9,"column":27}}},"fnMap":{"0":{"name":"addNumber","decl":{"start":{"line":5,"column":9},"end":{"line":5,"column":18}},"loc":{"start":{"line":5,"column":24},"end":{"line":7,"column":1}},"line":5}},"branchMap":{},"s":{"0":2,"1":1},"f":{"0":2},"b":{},"_coverageSchema":"1a1c01bbd47fc00a2c39e90264f33305004495a9","hash":"13b40cf296d8c2df89c346a6ec3ed1468a6adfd5"}
,"E:\\tuto_webdev\\JS-A-to-Z\\cours js_6\\test-js\\fusionArray.js": {"path":"E:\\tuto_webdev\\JS-A-to-Z\\cours js_6\\test-js\\fusionArray.js","statementMap":{"0":{"start":{"line":2,"column":4},"end":{"line":2,"column":30}},"1":{"start":{"line":5,"column":0},"end":{"line":5,"column":29}}},"fnMap":{"0":{"name":"fusionArray","decl":{"start":{"line":1,"column":9},"end":{"line":1,"column":20}},"loc":{"start":{"line":1,"column":31},"end":{"line":3,"column":1}},"line":1}},"branchMap":{},"s":{"0":2,"1":1},"f":{"0":2},"b":{},"_coverageSchema":"1a1c01bbd47fc00a2c39e90264f33305004495a9","hash":"4dffe8be1c155919d3ea61da9a6ad172be75a809"}
}
